This file contains any messages produced by compilers while
running configure, to aid debugging if configure makes a mistake.

It was created by HtmlUI configure 0.0, which was
generated by GNU Autoconf 2.61.  Invocation command line was

  $ /home/nebojsa/src/campcaster/src/modules/htmlUI/tmp/configure --prefix=/home/nebojsa/src/campcaster/usr --with-apache-group=www-data --with-www-docroot=/home/nebojsa/src/campcaster/usr/var --with-configure-apache=no --with-storage-server=/home/nebojsa/src/campcaster/usr/var/Campcaster/storageServer PACKAGE_VERSION=1.3.0

## --------- ##
## Platform. ##
## --------- ##

hostname = LinuxDev
uname -m = i686
uname -r = 2.6.22-14-generic
uname -s = Linux
uname -v = #1 SMP Tue Dec 18 08:02:57 UTC 2007

/usr/bin/uname -p = unknown
/bin/uname -X     = unknown

/bin/arch              = unknown
/usr/bin/arch -k       = unknown
/usr/convex/getsysinfo = unknown
/usr/bin/hostinfo      = unknown
/bin/machine           = unknown
/usr/bin/oslevel       = unknown
/bin/universe          = unknown

PATH: /home/nebojsa/bin
PATH: /usr/local/sbin
PATH: /usr/local/bin
PATH: /usr/sbin
PATH: /usr/bin
PATH: /sbin
PATH: /bin
PATH: /usr/games


## ----------- ##
## Core tests. ##
## ----------- ##

configure:1656: result: configure apache: no
configure:1671: result: using apache group: www-data
configure:1686: result: using www document root: /home/nebojsa/src/campcaster/usr/var
configure:1689: result: configure apache: no
configure:1704: result: using storageServer at: /home/nebojsa/src/campcaster/usr/var/Campcaster/storageServer
configure:1715: using the following configuration settings:

    storageServer location:          /home/nebojsa/src/campcaster/usr/var/Campcaster/storageServer
    apache group:                    www-data
    www document root:               /home/nebojsa/src/campcaster/usr/var
    configuring apache:              no


configure:1859: creating ./config.status

## ---------------------- ##
## Running config.status. ##
## ---------------------- ##

This file was extended by HtmlUI config.status 0.0, which was
generated by GNU Autoconf 2.61.  Invocation command line was

  CONFIG_FILES    = 
  CONFIG_HEADERS  = 
  CONFIG_LINKS    = 
  CONFIG_COMMANDS = 
  $ ./config.status 

on LinuxDev

config.status:568: creating ../Makefile

## ---------------- ##
## Cache variables. ##
## ---------------- ##

ac_cv_env_build_alias_set=
ac_cv_env_build_alias_value=
ac_cv_env_host_alias_set=
ac_cv_env_host_alias_value=
ac_cv_env_target_alias_set=
ac_cv_env_target_alias_value=

## ----------------- ##
## Output variables. ##
## ----------------- ##

APACHE_GROUP='www-data'
CONFIGURE_APACHE='no'
DEFS='-DPACKAGE_NAME=\"HtmlUI\" -DPACKAGE_TARNAME=\"htmlui\" -DPACKAGE_VERSION=\"1.3.0\" -DPACKAGE_STRING=\"HtmlUI\ 0.0\" -DPACKAGE_BUGREPORT=\"bugs@campware.org\"'
ECHO_C=''
ECHO_N='-n'
ECHO_T=''
LIBOBJS=''
LIBS=''
LTLIBOBJS=''
PACKAGE_BUGREPORT='bugs@campware.org'
PACKAGE_NAME='HtmlUI'
PACKAGE_STRING='HtmlUI 0.0'
PACKAGE_TARNAME='htmlui'
PACKAGE_VERSION='1.3.0'
PATH_SEPARATOR=':'
SHELL='/bin/bash'
STORAGE_SERVER='/home/nebojsa/src/campcaster/usr/var/Campcaster/storageServer'
WWW_DOCROOT='/home/nebojsa/src/campcaster/usr/var'
bindir='${exec_prefix}/bin'
build_alias=''
datadir='${datarootdir}'
datarootdir='${prefix}/share'
docdir='${datarootdir}/doc/${PACKAGE_TARNAME}'
dvidir='${docdir}'
exec_prefix='${prefix}'
host_alias=''
htmldir='${docdir}'
includedir='${prefix}/include'
infodir='${datarootdir}/info'
libdir='${exec_prefix}/lib'
libexecdir='${exec_prefix}/libexec'
localedir='${datarootdir}/locale'
localstatedir='${prefix}/var'
mandir='${datarootdir}/man'
oldincludedir='/usr/include'
pdfdir='${docdir}'
prefix='/home/nebojsa/src/campcaster/usr'
program_transform_name='s,x,x,'
psdir='${docdir}'
sbindir='${exec_prefix}/sbin'
sharedstatedir='${prefix}/com'
sysconfdir='${prefix}/etc'
target_alias=''

## ----------- ##
## confdefs.h. ##
## ----------- ##

#define PACKAGE_NAME "HtmlUI"
#define PACKAGE_TARNAME "htmlui"
#define PACKAGE_VERSION "1.3.0"
#define PACKAGE_STRING "HtmlUI 0.0"
#define PACKAGE_BUGREPORT "bugs@campware.org"

configure: exit 0
