This file contains any messages produced by compilers while
running configure, to aid debugging if configure makes a mistake.

It was created by StorageServer configure 0.0, which was
generated by GNU Autoconf 2.61.  Invocation command line was

  $ /home/nebojsa/src/campcaster/src/modules/storageServer/tmp/configure --prefix=/home/nebojsa/src/campcaster/usr --with-apache-group=www-data --with-hostname=LinuxDev --with-www-docroot=/home/nebojsa/src/campcaster/usr/var --with-www-port=80 --with-scheduler-port=3344 --with-database-server=localhost --with-database=Campcaster --with-database-user=campcaster --with-database-password=campcaster --with-init-database=no PACKAGE_VERSION=1.3.0

## --------- ##
## Platform. ##
## --------- ##

hostname = LinuxDev
uname -m = i686
uname -r = 2.6.22-14-generic
uname -s = Linux
uname -v = #1 SMP Tue Dec 18 08:02:57 UTC 2007

/usr/bin/uname -p = unknown
/bin/uname -X     = unknown

/bin/arch              = unknown
/usr/bin/arch -k       = unknown
/usr/convex/getsysinfo = unknown
/usr/bin/hostinfo      = unknown
/bin/machine           = unknown
/usr/bin/oslevel       = unknown
/bin/universe          = unknown

PATH: /home/nebojsa/bin
PATH: /usr/local/sbin
PATH: /usr/local/bin
PATH: /usr/sbin
PATH: /usr/bin
PATH: /sbin
PATH: /bin
PATH: /usr/games


## ----------- ##
## Core tests. ##
## ----------- ##

configure:1676: result: creating Campcaster database: no
configure:1691: result: initializing Campcaster database: no
configure:1706: result: using hostname: LinuxDev
configure:1721: result: using apache group: www-data
configure:1736: result: using www port: 80
configure:1751: result: using scheduler port: 3344
configure:1766: result: using database server: localhost
configure:1781: result: using database: Campcaster
configure:1796: result: using database server user: campcaster
configure:1811: result: using database server user password: campcaster
configure:1826: result: using www document root: /home/nebojsa/src/campcaster/usr/var
configure:1841: result: using url prefix: campcaster
configure:1860: using the following configuration settings:

    hostname:                               LinuxDev
    www port:                               80
    scheduler port:                         3344
    database server:                        localhost
    database name:                          Campcaster
    database user:                          campcaster
    database user password:                 campcaster
    creating Campcaster database:           no
    initialize Campcaster database:         no
    www document root:                      /home/nebojsa/src/campcaster/usr/var
    url prefix:                             campcaster


configure:2012: creating ./config.status

## ---------------------- ##
## Running config.status. ##
## ---------------------- ##

This file was extended by StorageServer config.status 0.0, which was
generated by GNU Autoconf 2.61.  Invocation command line was

  CONFIG_FILES    = 
  CONFIG_HEADERS  = 
  CONFIG_LINKS    = 
  CONFIG_COMMANDS = 
  $ ./config.status 

on LinuxDev

config.status:576: creating ../Makefile

## ---------------- ##
## Cache variables. ##
## ---------------- ##

ac_cv_env_build_alias_set=
ac_cv_env_build_alias_value=
ac_cv_env_host_alias_set=
ac_cv_env_host_alias_value=
ac_cv_env_target_alias_set=
ac_cv_env_target_alias_value=

## ----------------- ##
## Output variables. ##
## ----------------- ##

APACHE_GROUP='www-data'
CREATE_LS_DATABASE='no'
DATABASE='Campcaster'
DB_PASSWORD='campcaster'
DB_SERVER='localhost'
DB_USER='campcaster'
DEFS='-DPACKAGE_NAME=\"StorageServer\" -DPACKAGE_TARNAME=\"storageserver\" -DPACKAGE_VERSION=\"1.3.0\" -DPACKAGE_STRING=\"StorageServer\ 0.0\" -DPACKAGE_BUGREPORT=\"bugs@campware.org\"'
ECHO_C=''
ECHO_N='-n'
ECHO_T=''
HOSTNAME='LinuxDev'
INIT_LS_DATABASE='no'
LIBOBJS=''
LIBS=''
LTLIBOBJS=''
PACKAGE_BUGREPORT='bugs@campware.org'
PACKAGE_NAME='StorageServer'
PACKAGE_STRING='StorageServer 0.0'
PACKAGE_TARNAME='storageserver'
PACKAGE_VERSION='1.3.0'
PATH_SEPARATOR=':'
SCHEDULER_PORT='3344'
SHELL='/bin/bash'
URL_PREFIX='campcaster'
WWW_DOCROOT='/home/nebojsa/src/campcaster/usr/var'
WWW_PORT='80'
bindir='${exec_prefix}/bin'
build_alias=''
datadir='${datarootdir}'
datarootdir='${prefix}/share'
docdir='${datarootdir}/doc/${PACKAGE_TARNAME}'
dvidir='${docdir}'
exec_prefix='${prefix}'
host_alias=''
htmldir='${docdir}'
includedir='${prefix}/include'
infodir='${datarootdir}/info'
libdir='${exec_prefix}/lib'
libexecdir='${exec_prefix}/libexec'
localedir='${datarootdir}/locale'
localstatedir='${prefix}/var'
mandir='${datarootdir}/man'
oldincludedir='/usr/include'
pdfdir='${docdir}'
prefix='/home/nebojsa/src/campcaster/usr'
program_transform_name='s,x,x,'
psdir='${docdir}'
sbindir='${exec_prefix}/sbin'
sharedstatedir='${prefix}/com'
sysconfdir='${prefix}/etc'
target_alias=''

## ----------- ##
## confdefs.h. ##
## ----------- ##

#define PACKAGE_NAME "StorageServer"
#define PACKAGE_TARNAME "storageserver"
#define PACKAGE_VERSION "1.3.0"
#define PACKAGE_STRING "StorageServer 0.0"
#define PACKAGE_BUGREPORT "bugs@campware.org"

configure: exit 0
