This file contains any messages produced by compilers while
running configure, to aid debugging if configure makes a mistake.

It was created by ArchiveServer configure 0.0, which was
generated by GNU Autoconf 2.61.  Invocation command line was

  $ /home/nebojsa/src/campcaster/src/modules/archiveServer/tmp/configure --prefix=/home/nebojsa/src/campcaster/usr --with-hostname=LinuxDev --with-www-port=80 --with-database-server=localhost --with-database=Campcaster --with-database-user=campcaster --with-database-password=campcaster PACKAGE_VERSION=1.3.0

## --------- ##
## Platform. ##
## --------- ##

hostname = LinuxDev
uname -m = i686
uname -r = 2.6.22-14-generic
uname -s = Linux
uname -v = #1 SMP Tue Dec 18 08:02:57 UTC 2007

/usr/bin/uname -p = unknown
/bin/uname -X     = unknown

/bin/arch              = unknown
/usr/bin/arch -k       = unknown
/usr/convex/getsysinfo = unknown
/usr/bin/hostinfo      = unknown
/bin/machine           = unknown
/usr/bin/oslevel       = unknown
/bin/universe          = unknown

PATH: /home/nebojsa/bin
PATH: /usr/local/sbin
PATH: /usr/local/bin
PATH: /usr/sbin
PATH: /usr/bin
PATH: /sbin
PATH: /bin
PATH: /usr/games


## ----------- ##
## Core tests. ##
## ----------- ##

configure:1664: result: using hostname: LinuxDev
configure:1679: result: using www port: 80
configure:1694: result: using database server: localhost
configure:1709: result: using database: Campcaster
configure:1724: result: using database server user: campcaster
configure:1739: result: using database server user password: campcaster
configure:1754: result: using url prefix: campcaster
configure:1769: using the following configuration settings:

    hostname:                  LinuxDev
    www port:                  80
    database server:           localhost
    database name:             Campcaster
    database user:             campcaster
    database user password:    campcaster
    url prefix:                campcaster


configure:1916: creating ./config.status

## ---------------------- ##
## Running config.status. ##
## ---------------------- ##

This file was extended by ArchiveServer config.status 0.0, which was
generated by GNU Autoconf 2.61.  Invocation command line was

  CONFIG_FILES    = 
  CONFIG_HEADERS  = 
  CONFIG_LINKS    = 
  CONFIG_COMMANDS = 
  $ ./config.status 

on LinuxDev

config.status:571: creating ../Makefile

## ---------------- ##
## Cache variables. ##
## ---------------- ##

ac_cv_env_build_alias_set=
ac_cv_env_build_alias_value=
ac_cv_env_host_alias_set=
ac_cv_env_host_alias_value=
ac_cv_env_target_alias_set=
ac_cv_env_target_alias_value=

## ----------------- ##
## Output variables. ##
## ----------------- ##

DATABASE='Campcaster'
DB_PASSWORD='campcaster'
DB_SERVER='localhost'
DB_USER='campcaster'
DEFS='-DPACKAGE_NAME=\"ArchiveServer\" -DPACKAGE_TARNAME=\"archiveserver\" -DPACKAGE_VERSION=\"1.3.0\" -DPACKAGE_STRING=\"ArchiveServer\ 0.0\" -DPACKAGE_BUGREPORT=\"bugs@campware.org\"'
ECHO_C=''
ECHO_N='-n'
ECHO_T=''
HOSTNAME='LinuxDev'
LIBOBJS=''
LIBS=''
LTLIBOBJS=''
PACKAGE_BUGREPORT='bugs@campware.org'
PACKAGE_NAME='ArchiveServer'
PACKAGE_STRING='ArchiveServer 0.0'
PACKAGE_TARNAME='archiveserver'
PACKAGE_VERSION='1.3.0'
PATH_SEPARATOR=':'
SHELL='/bin/bash'
URL_PREFIX='campcaster'
WWW_PORT='80'
bindir='${exec_prefix}/bin'
build_alias=''
datadir='${datarootdir}'
datarootdir='${prefix}/share'
docdir='${datarootdir}/doc/${PACKAGE_TARNAME}'
dvidir='${docdir}'
exec_prefix='${prefix}'
host_alias=''
htmldir='${docdir}'
includedir='${prefix}/include'
infodir='${datarootdir}/info'
libdir='${exec_prefix}/lib'
libexecdir='${exec_prefix}/libexec'
localedir='${datarootdir}/locale'
localstatedir='${prefix}/var'
mandir='${datarootdir}/man'
oldincludedir='/usr/include'
pdfdir='${docdir}'
prefix='/home/nebojsa/src/campcaster/usr'
program_transform_name='s,x,x,'
psdir='${docdir}'
sbindir='${exec_prefix}/sbin'
sharedstatedir='${prefix}/com'
sysconfdir='${prefix}/etc'
target_alias=''

## ----------- ##
## confdefs.h. ##
## ----------- ##

#define PACKAGE_NAME "ArchiveServer"
#define PACKAGE_TARNAME "archiveserver"
#define PACKAGE_VERSION "1.3.0"
#define PACKAGE_STRING "ArchiveServer 0.0"
#define PACKAGE_BUGREPORT "bugs@campware.org"

configure: exit 0
